2023-03-08 09:30:28.628  INFO 17288 --- [restartedMain] c.x.o.OnlineCourseApplication            : Starting OnlineCourseApplication using Java 1.8.0_333 on Asus with PID 17288 (C:\Users\wp125\Desktop\毕设\onlineCourse\target\classes started by wp125 in C:\Users\wp125\Desktop\毕设\onlineCourse)
2023-03-08 09:30:28.628 DEBUG 17288 --- [restartedMain] c.x.o.OnlineCourseApplication            : Running with Spring Boot v2.6.11, Spring v5.3.22
2023-03-08 09:30:28.628  INFO 17288 --- [restartedMain] c.x.o.OnlineCourseApplication            : No active profile set, falling back to 1 default profile: "default"
2023-03-08 09:30:28.675  INFO 17288 --- [restartedMain] .e.DevToolsPropertyDefaultsPostProcessor : Devtools property defaults active! Set 'spring.devtools.add-properties' to 'false' to disable
2023-03-08 09:30:28.675  INFO 17288 --- [restartedMain] .e.DevToolsPropertyDefaultsPostProcessor : For additional web related logging consider setting the 'logging.level.web' property to 'DEBUG'
2023-03-08 09:30:29.659  INFO 17288 --- [restartedMain] o.s.b.w.embedded.tomcat.TomcatWebServer  : Tomcat initialized with port(s): 8080 (http)
2023-03-08 09:30:29.675  INFO 17288 --- [restartedMain] o.apache.catalina.core.StandardService   : Starting service [Tomcat]
2023-03-08 09:30:29.675  INFO 17288 --- [restartedMain] org.apache.catalina.core.StandardEngine  : Starting Servlet engine: [Apache Tomcat/9.0.65]
2023-03-08 09:30:29.737  INFO 17288 --- [restartedMain] o.a.c.c.C.[.[.[/courseproj/server]       : Initializing Spring embedded WebApplicationContext
2023-03-08 09:30:29.737  INFO 17288 --- [restartedMain] w.s.c.ServletWebServerApplicationContext : Root WebApplicationContext: initialization completed in 1062 ms
2023-03-08 09:30:30.347  INFO 17288 --- [restartedMain] o.s.b.d.a.OptionalLiveReloadServer       : LiveReload server is running on port 35729
2023-03-08 09:30:30.378  INFO 17288 --- [restartedMain] o.s.b.w.embedded.tomcat.TomcatWebServer  : Tomcat started on port(s): 8080 (http) with context path '/courseproj/server'
2023-03-08 09:30:30.393  INFO 17288 --- [restartedMain] c.x.o.OnlineCourseApplication            : Started OnlineCourseApplication in 2.143 seconds (JVM running for 3.16)
2023-03-08 09:51:34.832  INFO 17288 --- [http-nio-8080-exec-1] o.a.c.c.C.[.[.[/courseproj/server]       : Initializing Spring DispatcherServlet 'dispatcherServlet'
2023-03-08 09:51:34.833  INFO 17288 --- [http-nio-8080-exec-1] o.s.web.servlet.DispatcherServlet        : Initializing Servlet 'dispatcherServlet'
2023-03-08 09:51:34.834  INFO 17288 --- [http-nio-8080-exec-1] o.s.web.servlet.DispatcherServlet        : Completed initialization in 1 ms
2023-03-08 09:51:34.933  INFO 17288 --- [http-nio-8080-exec-1] com.alibaba.druid.pool.DruidDataSource   : {dataSource-1} inited
2023-03-08 10:16:29.037  INFO 8844 --- [main] c.x.o.OnlineCourseApplicationTests       : Starting OnlineCourseApplicationTests using Java 1.8.0_333 on Asus with PID 8844 (started by wp125 in C:\Users\wp125\Desktop\毕设\onlineCourse)
2023-03-08 10:16:29.039 DEBUG 8844 --- [main] c.x.o.OnlineCourseApplicationTests       : Running with Spring Boot v2.6.11, Spring v5.3.22
2023-03-08 10:16:29.039  INFO 8844 --- [main] c.x.o.OnlineCourseApplicationTests       : No active profile set, falling back to 1 default profile: "default"
2023-03-08 10:16:30.845  INFO 8844 --- [main] c.x.o.OnlineCourseApplicationTests       : Started OnlineCourseApplicationTests in 2.165 seconds (JVM running for 3.566)
2023-03-08 10:17:13.960  INFO 12072 --- [main] c.x.o.OnlineCourseApplicationTests       : Starting OnlineCourseApplicationTests using Java 1.8.0_333 on Asus with PID 12072 (started by wp125 in C:\Users\wp125\Desktop\毕设\onlineCourse)
2023-03-08 10:17:13.961 DEBUG 12072 --- [main] c.x.o.OnlineCourseApplicationTests       : Running with Spring Boot v2.6.11, Spring v5.3.22
2023-03-08 10:17:13.961  INFO 12072 --- [main] c.x.o.OnlineCourseApplicationTests       : No active profile set, falling back to 1 default profile: "default"
2023-03-08 10:17:15.630  INFO 12072 --- [main] c.x.o.OnlineCourseApplicationTests       : Started OnlineCourseApplicationTests in 2.023 seconds (JVM running for 3.008)
2023-03-08 10:38:53.716  INFO 20864 --- [main] c.x.o.OnlineCourseApplicationTests       : Starting OnlineCourseApplicationTests using Java 1.8.0_333 on Asus with PID 20864 (started by wp125 in C:\Users\wp125\Desktop\毕设\onlineCourse)
2023-03-08 10:38:53.716 DEBUG 20864 --- [main] c.x.o.OnlineCourseApplicationTests       : Running with Spring Boot v2.6.11, Spring v5.3.22
2023-03-08 10:38:53.717  INFO 20864 --- [main] c.x.o.OnlineCourseApplicationTests       : No active profile set, falling back to 1 default profile: "default"
2023-03-08 10:38:55.561  INFO 20864 --- [main] c.x.o.OnlineCourseApplicationTests       : Started OnlineCourseApplicationTests in 2.224 seconds (JVM running for 3.231)
2023-03-08 10:39:03.209  INFO 2384 --- [restartedMain] c.x.o.OnlineCourseApplication            : Starting OnlineCourseApplication using Java 1.8.0_333 on Asus with PID 2384 (C:\Users\wp125\Desktop\毕设\onlineCourse\target\classes started by wp125 in C:\Users\wp125\Desktop\毕设\onlineCourse)
2023-03-08 10:39:03.210 DEBUG 2384 --- [restartedMain] c.x.o.OnlineCourseApplication            : Running with Spring Boot v2.6.11, Spring v5.3.22
2023-03-08 10:39:03.210  INFO 2384 --- [restartedMain] c.x.o.OnlineCourseApplication            : No active profile set, falling back to 1 default profile: "default"
2023-03-08 10:39:03.249  INFO 2384 --- [restartedMain] .e.DevToolsPropertyDefaultsPostProcessor : Devtools property defaults active! Set 'spring.devtools.add-properties' to 'false' to disable
2023-03-08 10:39:03.249  INFO 2384 --- [restartedMain] .e.DevToolsPropertyDefaultsPostProcessor : For additional web related logging consider setting the 'logging.level.web' property to 'DEBUG'
2023-03-08 10:39:04.085  INFO 2384 --- [restartedMain] o.s.b.w.embedded.tomcat.TomcatWebServer  : Tomcat initialized with port(s): 8080 (http)
2023-03-08 10:39:04.091  INFO 2384 --- [restartedMain] o.apache.catalina.core.StandardService   : Starting service [Tomcat]
2023-03-08 10:39:04.091  INFO 2384 --- [restartedMain] org.apache.catalina.core.StandardEngine  : Starting Servlet engine: [Apache Tomcat/9.0.65]
2023-03-08 10:39:04.153  INFO 2384 --- [restartedMain] o.a.c.c.C.[.[.[/courseproj/server]       : Initializing Spring embedded WebApplicationContext
2023-03-08 10:39:04.153  INFO 2384 --- [restartedMain] w.s.c.ServletWebServerApplicationContext : Root WebApplicationContext: initialization completed in 903 ms
2023-03-08 10:39:04.656  INFO 2384 --- [restartedMain] o.s.b.d.a.OptionalLiveReloadServer       : LiveReload server is running on port 35729
2023-03-08 10:39:04.682  INFO 2384 --- [restartedMain] o.s.b.w.embedded.tomcat.TomcatWebServer  : Tomcat started on port(s): 8080 (http) with context path '/courseproj/server'
2023-03-08 10:39:04.689  INFO 2384 --- [restartedMain] c.x.o.OnlineCourseApplication            : Started OnlineCourseApplication in 1.807 seconds (JVM running for 2.716)
2023-03-08 10:39:37.897  INFO 2384 --- [http-nio-8080-exec-1] o.a.c.c.C.[.[.[/courseproj/server]       : Initializing Spring DispatcherServlet 'dispatcherServlet'
2023-03-08 10:39:37.898  INFO 2384 --- [http-nio-8080-exec-1] o.s.web.servlet.DispatcherServlet        : Initializing Servlet 'dispatcherServlet'
2023-03-08 10:39:37.899  INFO 2384 --- [http-nio-8080-exec-1] o.s.web.servlet.DispatcherServlet        : Completed initialization in 1 ms
2023-03-08 10:39:38.006  INFO 2384 --- [http-nio-8080-exec-1] com.alibaba.druid.pool.DruidDataSource   : {dataSource-1} inited
2023-03-08 10:50:40.341  INFO 15748 --- [restartedMain] c.x.o.OnlineCourseApplication            : Starting OnlineCourseApplication using Java 1.8.0_333 on Asus with PID 15748 (C:\Users\wp125\Desktop\毕设\onlineCourse\target\classes started by wp125 in C:\Users\wp125\Desktop\毕设\onlineCourse)
2023-03-08 10:50:40.342 DEBUG 15748 --- [restartedMain] c.x.o.OnlineCourseApplication            : Running with Spring Boot v2.6.11, Spring v5.3.22
2023-03-08 10:50:40.342  INFO 15748 --- [restartedMain] c.x.o.OnlineCourseApplication            : No active profile set, falling back to 1 default profile: "default"
2023-03-08 10:50:40.381  INFO 15748 --- [restartedMain] .e.DevToolsPropertyDefaultsPostProcessor : Devtools property defaults active! Set 'spring.devtools.add-properties' to 'false' to disable
2023-03-08 10:50:40.381  INFO 15748 --- [restartedMain] .e.DevToolsPropertyDefaultsPostProcessor : For additional web related logging consider setting the 'logging.level.web' property to 'DEBUG'
2023-03-08 10:50:41.252  INFO 15748 --- [restartedMain] o.s.b.w.embedded.tomcat.TomcatWebServer  : Tomcat initialized with port(s): 8080 (http)
2023-03-08 10:50:41.259  INFO 15748 --- [restartedMain] o.apache.catalina.core.StandardService   : Starting service [Tomcat]
2023-03-08 10:50:41.259  INFO 15748 --- [restartedMain] org.apache.catalina.core.StandardEngine  : Starting Servlet engine: [Apache Tomcat/9.0.65]
2023-03-08 10:50:41.336  INFO 15748 --- [restartedMain] o.a.c.c.C.[.[.[/courseproj/server]       : Initializing Spring embedded WebApplicationContext
2023-03-08 10:50:41.336  INFO 15748 --- [restartedMain] w.s.c.ServletWebServerApplicationContext : Root WebApplicationContext: initialization completed in 954 ms
2023-03-08 10:50:41.985  INFO 15748 --- [restartedMain] o.s.b.d.a.OptionalLiveReloadServer       : LiveReload server is running on port 35729
2023-03-08 10:50:42.019  INFO 15748 --- [restartedMain] o.s.b.w.embedded.tomcat.TomcatWebServer  : Tomcat started on port(s): 8080 (http) with context path '/courseproj/server'
2023-03-08 10:50:42.028  INFO 15748 --- [restartedMain] c.x.o.OnlineCourseApplication            : Started OnlineCourseApplication in 2.015 seconds (JVM running for 2.878)
2023-03-08 10:53:03.435  INFO 15748 --- [http-nio-8080-exec-1] o.a.c.c.C.[.[.[/courseproj/server]       : Initializing Spring DispatcherServlet 'dispatcherServlet'
2023-03-08 10:53:03.435  INFO 15748 --- [http-nio-8080-exec-1] o.s.web.servlet.DispatcherServlet        : Initializing Servlet 'dispatcherServlet'
2023-03-08 10:53:03.436  INFO 15748 --- [http-nio-8080-exec-1] o.s.web.servlet.DispatcherServlet        : Completed initialization in 1 ms
2023-03-08 10:53:11.781  INFO 15748 --- [http-nio-8080-exec-4] com.alibaba.druid.pool.DruidDataSource   : {dataSource-1} inited
2023-03-08 11:19:31.683  INFO 17944 --- [restartedMain] c.x.o.OnlineCourseApplication            : Starting OnlineCourseApplication using Java 1.8.0_333 on Asus with PID 17944 (C:\Users\wp125\Desktop\毕设\onlineCourse\target\classes started by wp125 in C:\Users\wp125\Desktop\毕设\onlineCourse)
2023-03-08 11:19:31.684 DEBUG 17944 --- [restartedMain] c.x.o.OnlineCourseApplication            : Running with Spring Boot v2.6.11, Spring v5.3.22
2023-03-08 11:19:31.684  INFO 17944 --- [restartedMain] c.x.o.OnlineCourseApplication            : No active profile set, falling back to 1 default profile: "default"
2023-03-08 11:19:31.722  INFO 17944 --- [restartedMain] .e.DevToolsPropertyDefaultsPostProcessor : Devtools property defaults active! Set 'spring.devtools.add-properties' to 'false' to disable
2023-03-08 11:19:31.723  INFO 17944 --- [restartedMain] .e.DevToolsPropertyDefaultsPostProcessor : For additional web related logging consider setting the 'logging.level.web' property to 'DEBUG'
2023-03-08 11:19:32.568  INFO 17944 --- [restartedMain] o.s.b.w.embedded.tomcat.TomcatWebServer  : Tomcat initialized with port(s): 8080 (http)
2023-03-08 11:19:32.574  INFO 17944 --- [restartedMain] o.apache.catalina.core.StandardService   : Starting service [Tomcat]
2023-03-08 11:19:32.574  INFO 17944 --- [restartedMain] org.apache.catalina.core.StandardEngine  : Starting Servlet engine: [Apache Tomcat/9.0.65]
2023-03-08 11:19:32.631  INFO 17944 --- [restartedMain] o.a.c.c.C.[.[.[/courseproj/server]       : Initializing Spring embedded WebApplicationContext
2023-03-08 11:19:32.631  INFO 17944 --- [restartedMain] w.s.c.ServletWebServerApplicationContext : Root WebApplicationContext: initialization completed in 908 ms
2023-03-08 11:19:33.138  INFO 17944 --- [restartedMain] o.s.b.d.a.OptionalLiveReloadServer       : LiveReload server is running on port 35729
2023-03-08 11:19:33.163  INFO 17944 --- [restartedMain] o.s.b.w.embedded.tomcat.TomcatWebServer  : Tomcat started on port(s): 8080 (http) with context path '/courseproj/server'
2023-03-08 11:19:33.170  INFO 17944 --- [restartedMain] c.x.o.OnlineCourseApplication            : Started OnlineCourseApplication in 1.805 seconds (JVM running for 2.642)
2023-03-08 11:20:34.255  INFO 17944 --- [http-nio-8080-exec-1] o.a.c.c.C.[.[.[/courseproj/server]       : Initializing Spring DispatcherServlet 'dispatcherServlet'
2023-03-08 11:20:34.256  INFO 17944 --- [http-nio-8080-exec-1] o.s.web.servlet.DispatcherServlet        : Initializing Servlet 'dispatcherServlet'
2023-03-08 11:20:34.256  INFO 17944 --- [http-nio-8080-exec-1] o.s.web.servlet.DispatcherServlet        : Completed initialization in 0 ms
2023-03-08 11:20:34.350  INFO 17944 --- [http-nio-8080-exec-1] com.alibaba.druid.pool.DruidDataSource   : {dataSource-1} inited
2023-03-08 18:57:10.852  INFO 15012 --- [restartedMain] c.x.o.OnlineCourseApplication            : Starting OnlineCourseApplication using Java 1.8.0_333 on Asus with PID 15012 (C:\Users\wp125\Desktop\毕设\onlineCourse\target\classes started by wp125 in C:\Users\wp125\Desktop\毕设\onlineCourse)
2023-03-08 18:57:10.868 DEBUG 15012 --- [restartedMain] c.x.o.OnlineCourseApplication            : Running with Spring Boot v2.6.11, Spring v5.3.22
2023-03-08 18:57:10.868  INFO 15012 --- [restartedMain] c.x.o.OnlineCourseApplication            : No active profile set, falling back to 1 default profile: "default"
2023-03-08 18:57:10.899  INFO 15012 --- [restartedMain] .e.DevToolsPropertyDefaultsPostProcessor : Devtools property defaults active! Set 'spring.devtools.add-properties' to 'false' to disable
2023-03-08 18:57:10.899  INFO 15012 --- [restartedMain] .e.DevToolsPropertyDefaultsPostProcessor : For additional web related logging consider setting the 'logging.level.web' property to 'DEBUG'
2023-03-08 18:57:11.852  INFO 15012 --- [restartedMain] o.s.b.w.embedded.tomcat.TomcatWebServer  : Tomcat initialized with port(s): 8080 (http)
2023-03-08 18:57:11.868  INFO 15012 --- [restartedMain] o.apache.catalina.core.StandardService   : Starting service [Tomcat]
2023-03-08 18:57:11.868  INFO 15012 --- [restartedMain] org.apache.catalina.core.StandardEngine  : Starting Servlet engine: [Apache Tomcat/9.0.65]
2023-03-08 18:57:11.930  INFO 15012 --- [restartedMain] o.a.c.c.C.[.[.[/courseproj/server]       : Initializing Spring embedded WebApplicationContext
2023-03-08 18:57:11.930  INFO 15012 --- [restartedMain] w.s.c.ServletWebServerApplicationContext : Root WebApplicationContext: initialization completed in 1031 ms
2023-03-08 18:57:12.540  INFO 15012 --- [restartedMain] o.s.b.d.a.OptionalLiveReloadServer       : LiveReload server is running on port 35729
2023-03-08 18:57:12.571  INFO 15012 --- [restartedMain] o.s.b.w.embedded.tomcat.TomcatWebServer  : Tomcat started on port(s): 8080 (http) with context path '/courseproj/server'
2023-03-08 18:57:12.571  INFO 15012 --- [restartedMain] c.x.o.OnlineCourseApplication            : Started OnlineCourseApplication in 2.131 seconds (JVM running for 3.217)
2023-03-08 18:57:25.554  INFO 15012 --- [http-nio-8080-exec-1] o.a.c.c.C.[.[.[/courseproj/server]       : Initializing Spring DispatcherServlet 'dispatcherServlet'
2023-03-08 18:57:25.555  INFO 15012 --- [http-nio-8080-exec-1] o.s.web.servlet.DispatcherServlet        : Initializing Servlet 'dispatcherServlet'
2023-03-08 18:57:25.556  INFO 15012 --- [http-nio-8080-exec-1] o.s.web.servlet.DispatcherServlet        : Completed initialization in 1 ms
2023-03-08 18:57:25.671  INFO 15012 --- [http-nio-8080-exec-1] com.alibaba.druid.pool.DruidDataSource   : {dataSource-1} inited
2023-03-08 19:04:01.532  INFO 1136 --- [restartedMain] c.x.o.OnlineCourseApplication            : Starting OnlineCourseApplication using Java 1.8.0_333 on Asus with PID 1136 (C:\Users\wp125\Desktop\毕设\onlineCourse\target\classes started by wp125 in C:\Users\wp125\Desktop\毕设\onlineCourse)
2023-03-08 19:04:01.532 DEBUG 1136 --- [restartedMain] c.x.o.OnlineCourseApplication            : Running with Spring Boot v2.6.11, Spring v5.3.22
2023-03-08 19:04:01.532  INFO 1136 --- [restartedMain] c.x.o.OnlineCourseApplication            : No active profile set, falling back to 1 default profile: "default"
2023-03-08 19:04:01.582  INFO 1136 --- [restartedMain] .e.DevToolsPropertyDefaultsPostProcessor : Devtools property defaults active! Set 'spring.devtools.add-properties' to 'false' to disable
2023-03-08 19:04:01.582  INFO 1136 --- [restartedMain] .e.DevToolsPropertyDefaultsPostProcessor : For additional web related logging consider setting the 'logging.level.web' property to 'DEBUG'
2023-03-08 19:04:02.505  INFO 1136 --- [restartedMain] o.s.b.w.embedded.tomcat.TomcatWebServer  : Tomcat initialized with port(s): 8080 (http)
2023-03-08 19:04:02.505  INFO 1136 --- [restartedMain] o.apache.catalina.core.StandardService   : Starting service [Tomcat]
2023-03-08 19:04:02.505  INFO 1136 --- [restartedMain] org.apache.catalina.core.StandardEngine  : Starting Servlet engine: [Apache Tomcat/9.0.65]
2023-03-08 19:04:02.568  INFO 1136 --- [restartedMain] o.a.c.c.C.[.[.[/courseproj/server]       : Initializing Spring embedded WebApplicationContext
2023-03-08 19:04:02.568  INFO 1136 --- [restartedMain] w.s.c.ServletWebServerApplicationContext : Root WebApplicationContext: initialization completed in 986 ms
2023-03-08 19:04:03.086  INFO 1136 --- [restartedMain] o.s.b.d.a.OptionalLiveReloadServer       : LiveReload server is running on port 35729
2023-03-08 19:04:03.102  INFO 1136 --- [restartedMain] o.s.b.w.embedded.tomcat.TomcatWebServer  : Tomcat started on port(s): 8080 (http) with context path '/courseproj/server'
2023-03-08 19:04:03.118  INFO 1136 --- [restartedMain] c.x.o.OnlineCourseApplication            : Started OnlineCourseApplication in 2.034 seconds (JVM running for 3.02)
2023-03-08 19:04:10.161  INFO 1136 --- [http-nio-8080-exec-1] o.a.c.c.C.[.[.[/courseproj/server]       : Initializing Spring DispatcherServlet 'dispatcherServlet'
2023-03-08 19:04:10.161  INFO 1136 --- [http-nio-8080-exec-1] o.s.web.servlet.DispatcherServlet        : Initializing Servlet 'dispatcherServlet'
2023-03-08 19:04:10.162  INFO 1136 --- [http-nio-8080-exec-1] o.s.web.servlet.DispatcherServlet        : Completed initialization in 1 ms
2023-03-08 19:04:10.269  INFO 1136 --- [http-nio-8080-exec-1] com.alibaba.druid.pool.DruidDataSource   : {dataSource-1} inited
2023-03-08 22:35:38.084  INFO 14988 --- [restartedMain] c.x.o.OnlineCourseApplication            : Starting OnlineCourseApplication using Java 1.8.0_333 on Asus with PID 14988 (C:\Users\wp125\Desktop\毕设\onlineCourse\target\classes started by wp125 in C:\Users\wp125\Desktop\毕设\onlineCourse)
2023-03-08 22:35:38.085 DEBUG 14988 --- [restartedMain] c.x.o.OnlineCourseApplication            : Running with Spring Boot v2.6.11, Spring v5.3.22
2023-03-08 22:35:38.085  INFO 14988 --- [restartedMain] c.x.o.OnlineCourseApplication            : No active profile set, falling back to 1 default profile: "default"
2023-03-08 22:35:38.123  INFO 14988 --- [restartedMain] .e.DevToolsPropertyDefaultsPostProcessor : Devtools property defaults active! Set 'spring.devtools.add-properties' to 'false' to disable
2023-03-08 22:35:38.124  INFO 14988 --- [restartedMain] .e.DevToolsPropertyDefaultsPostProcessor : For additional web related logging consider setting the 'logging.level.web' property to 'DEBUG'
2023-03-08 22:35:39.154  INFO 14988 --- [restartedMain] o.s.b.w.embedded.tomcat.TomcatWebServer  : Tomcat initialized with port(s): 8080 (http)
2023-03-08 22:35:39.163  INFO 14988 --- [restartedMain] o.apache.catalina.core.StandardService   : Starting service [Tomcat]
2023-03-08 22:35:39.163  INFO 14988 --- [restartedMain] org.apache.catalina.core.StandardEngine  : Starting Servlet engine: [Apache Tomcat/9.0.65]
2023-03-08 22:35:39.236  INFO 14988 --- [restartedMain] o.a.c.c.C.[.[.[/courseproj/server]       : Initializing Spring embedded WebApplicationContext
2023-03-08 22:35:39.237  INFO 14988 --- [restartedMain] w.s.c.ServletWebServerApplicationContext : Root WebApplicationContext: initialization completed in 1113 ms
2023-03-08 22:35:39.836  INFO 14988 --- [restartedMain] o.s.b.d.a.OptionalLiveReloadServer       : LiveReload server is running on port 35729
2023-03-08 22:35:39.862  INFO 14988 --- [restartedMain] o.s.b.w.embedded.tomcat.TomcatWebServer  : Tomcat started on port(s): 8080 (http) with context path '/courseproj/server'
2023-03-08 22:35:39.869  INFO 14988 --- [restartedMain] c.x.o.OnlineCourseApplication            : Started OnlineCourseApplication in 2.141 seconds (JVM running for 3.24)
2023-03-08 22:36:29.301  INFO 14988 --- [http-nio-8080-exec-1] o.a.c.c.C.[.[.[/courseproj/server]       : Initializing Spring DispatcherServlet 'dispatcherServlet'
2023-03-08 22:36:29.301  INFO 14988 --- [http-nio-8080-exec-1] o.s.web.servlet.DispatcherServlet        : Initializing Servlet 'dispatcherServlet'
2023-03-08 22:36:29.303  INFO 14988 --- [http-nio-8080-exec-1] o.s.web.servlet.DispatcherServlet        : Completed initialization in 1 ms
2023-03-08 22:36:29.438  INFO 14988 --- [http-nio-8080-exec-1] com.alibaba.druid.pool.DruidDataSource   : {dataSource-1} inited
2023-03-08 22:45:13.371  INFO 14028 --- [restartedMain] c.x.o.OnlineCourseApplication            : Starting OnlineCourseApplication using Java 1.8.0_333 on Asus with PID 14028 (C:\Users\wp125\Desktop\毕设\onlineCourse\target\classes started by wp125 in C:\Users\wp125\Desktop\毕设\onlineCourse)
2023-03-08 22:45:13.372 DEBUG 14028 --- [restartedMain] c.x.o.OnlineCourseApplication            : Running with Spring Boot v2.6.11, Spring v5.3.22
2023-03-08 22:45:13.373  INFO 14028 --- [restartedMain] c.x.o.OnlineCourseApplication            : No active profile set, falling back to 1 default profile: "default"
2023-03-08 22:45:13.417  INFO 14028 --- [restartedMain] .e.DevToolsPropertyDefaultsPostProcessor : Devtools property defaults active! Set 'spring.devtools.add-properties' to 'false' to disable
2023-03-08 22:45:13.418  INFO 14028 --- [restartedMain] .e.DevToolsPropertyDefaultsPostProcessor : For additional web related logging consider setting the 'logging.level.web' property to 'DEBUG'
2023-03-08 22:45:14.238  INFO 14028 --- [restartedMain] o.s.b.w.embedded.tomcat.TomcatWebServer  : Tomcat initialized with port(s): 8080 (http)
2023-03-08 22:45:14.245  INFO 14028 --- [restartedMain] o.apache.catalina.core.StandardService   : Starting service [Tomcat]
2023-03-08 22:45:14.245  INFO 14028 --- [restartedMain] org.apache.catalina.core.StandardEngine  : Starting Servlet engine: [Apache Tomcat/9.0.65]
2023-03-08 22:45:14.309  INFO 14028 --- [restartedMain] o.a.c.c.C.[.[.[/courseproj/server]       : Initializing Spring embedded WebApplicationContext
2023-03-08 22:45:14.309  INFO 14028 --- [restartedMain] w.s.c.ServletWebServerApplicationContext : Root WebApplicationContext: initialization completed in 891 ms
2023-03-08 22:45:14.840  INFO 14028 --- [restartedMain] o.s.b.d.a.OptionalLiveReloadServer       : LiveReload server is running on port 35729
2023-03-08 22:45:14.866  INFO 14028 --- [restartedMain] o.s.b.w.embedded.tomcat.TomcatWebServer  : Tomcat started on port(s): 8080 (http) with context path '/courseproj/server'
2023-03-08 22:45:14.873  INFO 14028 --- [restartedMain] c.x.o.OnlineCourseApplication            : Started OnlineCourseApplication in 1.852 seconds (JVM running for 2.745)
2023-03-08 22:45:18.326  INFO 14028 --- [http-nio-8080-exec-1] o.a.c.c.C.[.[.[/courseproj/server]       : Initializing Spring DispatcherServlet 'dispatcherServlet'
2023-03-08 22:45:18.328  INFO 14028 --- [http-nio-8080-exec-1] o.s.web.servlet.DispatcherServlet        : Initializing Servlet 'dispatcherServlet'
2023-03-08 22:45:18.329  INFO 14028 --- [http-nio-8080-exec-1] o.s.web.servlet.DispatcherServlet        : Completed initialization in 1 ms
2023-03-08 22:45:18.452  INFO 14028 --- [http-nio-8080-exec-1] com.alibaba.druid.pool.DruidDataSource   : {dataSource-1} inited
2023-03-08 22:45:33.186  WARN 14028 --- [http-nio-8080-exec-4] .w.s.m.s.DefaultHandlerExceptionResolver : Resolved [org.springframework.http.converter.HttpMessageNotReadableException: JSON parse error: Cannot deserialize value of type `java.sql.Date` from String "2001-3-1": not a valid representation (error: Failed to parse Date value '2001-3-1': Cannot parse date "2001-3-1": while it seems to fit format 'yyyy-MM-dd', parsing fails (leniency? null)); nested exception is com.fasterxml.jackson.databind.exc.InvalidFormatException: Cannot deserialize value of type `java.sql.Date` from String "2001-3-1": not a valid representation (error: Failed to parse Date value '2001-3-1': Cannot parse date "2001-3-1": while it seems to fit format 'yyyy-MM-dd', parsing fails (leniency? null))<EOL> at [Source: (org.springframework.util.StreamUtils$NonClosingInputStream); line: 1, column: 89] (through reference chain: com.xhu.onlinecourse.entity.Student["studentBirthday"])]
2023-03-08 23:01:50.027  INFO 18828 --- [restartedMain] c.x.o.OnlineCourseApplication            : Starting OnlineCourseApplication using Java 1.8.0_333 on Asus with PID 18828 (C:\Users\wp125\Desktop\毕设\onlineCourse\target\classes started by wp125 in C:\Users\wp125\Desktop\毕设\onlineCourse)
2023-03-08 23:01:50.027 DEBUG 18828 --- [restartedMain] c.x.o.OnlineCourseApplication            : Running with Spring Boot v2.6.11, Spring v5.3.22
2023-03-08 23:01:50.027  INFO 18828 --- [restartedMain] c.x.o.OnlineCourseApplication            : No active profile set, falling back to 1 default profile: "default"
2023-03-08 23:01:50.083  INFO 18828 --- [restartedMain] .e.DevToolsPropertyDefaultsPostProcessor : Devtools property defaults active! Set 'spring.devtools.add-properties' to 'false' to disable
2023-03-08 23:01:50.083  INFO 18828 --- [restartedMain] .e.DevToolsPropertyDefaultsPostProcessor : For additional web related logging consider setting the 'logging.level.web' property to 'DEBUG'
2023-03-08 23:01:51.295  INFO 18828 --- [restartedMain] o.s.b.w.embedded.tomcat.TomcatWebServer  : Tomcat initialized with port(s): 8080 (http)
2023-03-08 23:01:51.309  INFO 18828 --- [restartedMain] o.apache.catalina.core.StandardService   : Starting service [Tomcat]
2023-03-08 23:01:51.309  INFO 18828 --- [restartedMain] org.apache.catalina.core.StandardEngine  : Starting Servlet engine: [Apache Tomcat/9.0.65]
2023-03-08 23:01:51.405  INFO 18828 --- [restartedMain] o.a.c.c.C.[.[.[/courseproj/server]       : Initializing Spring embedded WebApplicationContext
2023-03-08 23:01:51.405  INFO 18828 --- [restartedMain] w.s.c.ServletWebServerApplicationContext : Root WebApplicationContext: initialization completed in 1322 ms
2023-03-08 23:01:52.190  INFO 18828 --- [restartedMain] o.s.b.d.a.OptionalLiveReloadServer       : LiveReload server is running on port 35729
2023-03-08 23:01:52.230  INFO 18828 --- [restartedMain] o.s.b.w.embedded.tomcat.TomcatWebServer  : Tomcat started on port(s): 8080 (http) with context path '/courseproj/server'
2023-03-08 23:01:52.246  INFO 18828 --- [restartedMain] c.x.o.OnlineCourseApplication            : Started OnlineCourseApplication in 2.744 seconds (JVM running for 4.148)
2023-03-08 23:02:09.593  INFO 18828 --- [http-nio-8080-exec-1] o.a.c.c.C.[.[.[/courseproj/server]       : Initializing Spring DispatcherServlet 'dispatcherServlet'
2023-03-08 23:02:09.593  INFO 18828 --- [http-nio-8080-exec-1] o.s.web.servlet.DispatcherServlet        : Initializing Servlet 'dispatcherServlet'
2023-03-08 23:02:09.593  INFO 18828 --- [http-nio-8080-exec-1] o.s.web.servlet.DispatcherServlet        : Completed initialization in 0 ms
2023-03-08 23:02:09.753  INFO 18828 --- [http-nio-8080-exec-1] com.alibaba.druid.pool.DruidDataSource   : {dataSource-1} inited
2023-03-08 23:07:43.159  INFO 17708 --- [restartedMain] c.x.o.OnlineCourseApplication            : Starting OnlineCourseApplication using Java 1.8.0_333 on Asus with PID 17708 (C:\Users\wp125\Desktop\毕设\onlineCourse\target\classes started by wp125 in C:\Users\wp125\Desktop\毕设\onlineCourse)
2023-03-08 23:07:43.159 DEBUG 17708 --- [restartedMain] c.x.o.OnlineCourseApplication            : Running with Spring Boot v2.6.11, Spring v5.3.22
2023-03-08 23:07:43.159  INFO 17708 --- [restartedMain] c.x.o.OnlineCourseApplication            : No active profile set, falling back to 1 default profile: "default"
2023-03-08 23:07:43.255  INFO 17708 --- [restartedMain] .e.DevToolsPropertyDefaultsPostProcessor : Devtools property defaults active! Set 'spring.devtools.add-properties' to 'false' to disable
2023-03-08 23:07:43.263  INFO 17708 --- [restartedMain] .e.DevToolsPropertyDefaultsPostProcessor : For additional web related logging consider setting the 'logging.level.web' property to 'DEBUG'
2023-03-08 23:07:44.705  INFO 17708 --- [restartedMain] o.s.b.w.embedded.tomcat.TomcatWebServer  : Tomcat initialized with port(s): 8080 (http)
2023-03-08 23:07:44.721  INFO 17708 --- [restartedMain] o.apache.catalina.core.StandardService   : Starting service [Tomcat]
2023-03-08 23:07:44.721  INFO 17708 --- [restartedMain] org.apache.catalina.core.StandardEngine  : Starting Servlet engine: [Apache Tomcat/9.0.65]
2023-03-08 23:07:44.833  INFO 17708 --- [restartedMain] o.a.c.c.C.[.[.[/courseproj/server]       : Initializing Spring embedded WebApplicationContext
2023-03-08 23:07:44.833  INFO 17708 --- [restartedMain] w.s.c.ServletWebServerApplicationContext : Root WebApplicationContext: initialization completed in 1570 ms
2023-03-08 23:07:45.874  INFO 17708 --- [restartedMain] o.s.b.d.a.OptionalLiveReloadServer       : LiveReload server is running on port 35729
2023-03-08 23:07:45.922  INFO 17708 --- [restartedMain] o.s.b.w.embedded.tomcat.TomcatWebServer  : Tomcat started on port(s): 8080 (http) with context path '/courseproj/server'
2023-03-08 23:07:45.930  INFO 17708 --- [restartedMain] c.x.o.OnlineCourseApplication            : Started OnlineCourseApplication in 3.313 seconds (JVM running for 4.652)
2023-03-08 23:07:51.302  INFO 17708 --- [http-nio-8080-exec-1] o.a.c.c.C.[.[.[/courseproj/server]       : Initializing Spring DispatcherServlet 'dispatcherServlet'
2023-03-08 23:07:51.302  INFO 17708 --- [http-nio-8080-exec-1] o.s.web.servlet.DispatcherServlet        : Initializing Servlet 'dispatcherServlet'
2023-03-08 23:07:51.302  INFO 17708 --- [http-nio-8080-exec-1] o.s.web.servlet.DispatcherServlet        : Completed initialization in 0 ms
2023-03-08 23:07:51.478  INFO 17708 --- [http-nio-8080-exec-1] com.alibaba.druid.pool.DruidDataSource   : {dataSource-1} inited
